2019-05-25 09:07:13.302893: # STARTING JWR Google Drive Backup at 2019-05-25 09:07:13.302854 #
2019-05-25 09:07:13.311724: rclone copy -v ./jovyan isaac:JupiterNotebookBackup
2019-05-25 09:07:26.842982: Upload stdout: 
2019/05/25 09:07:13 rclone: Version "v1.35-DEV" starting with parameters ["rclone" "copy" "-v" "./jovyan" "isaac:JupiterNotebookBackup"]
2019/05/25 09:07:13 isaac: Saved new token in config file
2019/05/25 09:07:14 Google drive root 'JupiterNotebookBackup': Modify window is 1ms
2019/05/25 09:07:14 Google drive root 'JupiterNotebookBackup': Reading ""
2019/05/25 09:07:15 Google drive root 'JupiterNotebookBackup': Finished reading ""
2019/05/25 09:07:15 Google drive root 'JupiterNotebookBackup': Reading ".jupyter/"
2019/05/25 09:07:15 Google drive root 'JupiterNotebookBackup': Reading ".local/"
2019/05/25 09:07:15 Google drive root 'JupiterNotebookBackup': Finished reading ".local/"
2019/05/25 09:07:15 Google drive root 'JupiterNotebookBackup': Reading ".local/share/"
2019/05/25 09:07:15 Google drive root 'JupiterNotebookBackup': Finished reading ".jupyter/"
2019/05/25 09:07:15 Google drive root 'JupiterNotebookBackup': Finished reading ".local/share/"
2019/05/25 09:07:15 Google drive root 'JupiterNotebookBackup': Reading ".local/share/jupyter/"
2019/05/25 09:07:15 Google drive root 'JupiterNotebookBackup': Finished reading ".local/share/jupyter/"
2019/05/25 09:07:15 Google drive root 'JupiterNotebookBackup': Reading ".local/share/jupyter/runtime/"
2019/05/25 09:07:16 Google drive root 'JupiterNotebookBackup': Finished reading ".local/share/jupyter/runtime/"
2019/05/25 09:07:16 .bash_history: Sizes differ
2019/05/25 09:07:17 .bash_logout: Copied (new)
2019/05/25 09:07:18 .bashrc: Copied (new)
2019/05/25 09:07:18 .profile: Copied (new)
2019/05/25 09:07:18 Google drive root 'JupiterNotebookBackup': Reading ""
2019/05/25 09:07:19 Google drive root 'JupiterNotebookBackup': Finished reading ""
2019/05/25 09:07:19 Google drive root 'JupiterNotebookBackup': Reading ".jupyter/"
2019/05/25 09:07:19 Google drive root 'JupiterNotebookBackup': Reading ".local/"
2019/05/25 09:07:19 Google drive root 'JupiterNotebookBackup': Finished reading ".jupyter/"
2019/05/25 09:07:20 Google drive root 'JupiterNotebookBackup': Finished reading ".local/"
2019/05/25 09:07:20 Google drive root 'JupiterNotebookBackup': Reading ".local/share/"
2019/05/25 09:07:21 Google drive root 'JupiterNotebookBackup': Finished reading ".local/share/"
2019/05/25 09:07:21 Google drive root 'JupiterNotebookBackup': Reading ".local/share/jupyter/"
2019/05/25 09:07:21 Google drive root 'JupiterNotebookBackup': Finished reading ".local/share/jupyter/"
2019/05/25 09:07:21 Google drive root 'JupiterNotebookBackup': Reading ".local/share/jupyter/runtime/"
2019/05/25 09:07:21 Google drive root 'JupiterNotebookBackup': Finished reading ".local/share/jupyter/runtime/"
2019/05/25 09:07:21 .bash_history: Sizes differ
2019/05/25 09:07:21 .profile: Size and modification time the same (differ by 0s, within tolerance 1ms)
2019/05/25 09:07:21 .profile: Unchanged skipping
2019/05/25 09:07:21 .bash_logout: Size and modification time the same (differ by 0s, within tolerance 1ms)
2019/05/25 09:07:21 .bash_logout: Unchanged skipping
2019/05/25 09:07:21 .bashrc: Size and modification time the same (differ by 0s, within tolerance 1ms)
2019/05/25 09:07:21 .bashrc: Unchanged skipping
2019/05/25 09:07:21 Google drive root 'JupiterNotebookBackup': Reading ""
2019/05/25 09:07:21 Google drive root 'JupiterNotebookBackup': Finished reading ""
2019/05/25 09:07:21 Google drive root 'JupiterNotebookBackup': Reading ".jupyter/"
2019/05/25 09:07:21 Google drive root 'JupiterNotebookBackup': Reading ".local/"
2019/05/25 09:07:21 Google drive root 'JupiterNotebookBackup': Finished reading ".jupyter/"
2019/05/25 09:07:21 Google drive root 'JupiterNotebookBackup': Finished reading ".local/"
2019/05/25 09:07:21 Google drive root 'JupiterNotebookBackup': Reading ".local/share/"
2019/05/25 09:07:22 Google drive root 'JupiterNotebookBackup': Finished reading ".local/share/"
2019/05/25 09:07:22 Google drive root 'JupiterNotebookBackup': Reading ".local/share/jupyter/"
2019/05/25 09:07:22 Google drive root 'JupiterNotebookBackup': Finished reading ".local/share/jupyter/"
2019/05/25 09:07:22 Google drive root 'JupiterNotebookBackup': Reading ".local/share/jupyter/runtime/"
2019/05/25 09:07:22 Google drive root 'JupiterNotebookBackup': Finished reading ".local/share/jupyter/runtime/"
2019/05/25 09:07:22 .bash_history: Sizes differ
2019/05/25 09:07:22 .bash_logout: Size and modification time the same (differ by 0s, within tolerance 1ms)
2019/05/25 09:07:22 .bashrc: Size and modification time the same (differ by 0s, within tolerance 1ms)
2019/05/25 09:07:22 .bash_logout: Unchanged skipping
2019/05/25 09:07:22 .bashrc: Unchanged skipping
2019/05/25 09:07:22 .profile: Size and modification time the same (differ by 0s, within tolerance 1ms)
2019/05/25 09:07:22 .profile: Unchanged skipping
2019/05/25 09:07:25 systemd/Units: Copied (new)
2019/05/25 09:07:26 work/Untitled.ipynb: Copied (new)

Upload stderr: 
2019/05/25 09:07:16 Google drive root 'JupiterNotebookBackup': Waiting for checks to finish
2019/05/25 09:07:16 Google drive root 'JupiterNotebookBackup': Waiting for transfers to finish
2019/05/25 09:07:16 .bash_history: Failed to copy: failed to open source object: open /home/fargus/jwr/jovyan/.bash_history: permission denied
2019/05/25 09:07:18 Attempt 1/3 failed with 1 errors and: error listing source: Local file system at /home/fargus/jwr/jovyan: failed to open directory "/home/fargus/jwr/jovyan/.jupyter": open /home/fargus/jwr/jovyan/.jupyter: permission denied
2019/05/25 09:07:21 Google drive root 'JupiterNotebookBackup': Waiting for checks to finish
2019/05/25 09:07:21 Google drive root 'JupiterNotebookBackup': Waiting for transfers to finish
2019/05/25 09:07:21 .bash_history: Failed to copy: failed to open source object: open /home/fargus/jwr/jovyan/.bash_history: permission denied
2019/05/25 09:07:21 Attempt 2/3 failed with 1 errors and: error listing source: Local file system at /home/fargus/jwr/jovyan: failed to open directory "/home/fargus/jwr/jovyan/.jupyter": open /home/fargus/jwr/jovyan/.jupyter: permission denied
2019/05/25 09:07:22 Google drive root 'JupiterNotebookBackup': Waiting for checks to finish
2019/05/25 09:07:22 Google drive root 'JupiterNotebookBackup': Waiting for transfers to finish
2019/05/25 09:07:22 .bash_history: Failed to copy: failed to open source object: open /home/fargus/jwr/jovyan/.bash_history: permission denied
2019/05/25 09:07:26 Attempt 3/3 failed with 1 errors and: error listing source: Local file system at /home/fargus/jwr/jovyan: failed to open directory "/home/fargus/jwr/jovyan/.jupyter": open /home/fargus/jwr/jovyan/.jupyter: permission denied
2019/05/25 09:07:26 Failed to copy: error listing source: Local file system at /home/fargus/jwr/jovyan: failed to open directory "/home/fargus/jwr/jovyan/.jupyter": open /home/fargus/jwr/jovyan/.jupyter: permission denied


2019-05-25 09:07:26.843434: 
2019-05-25 09:07:26.843545: 
2019-05-25 09:07:26.843649: 
2019-05-25 09:07:45.185883: # STARTING JWR Google Drive Backup at 2019-05-25 09:07:45.185839 #
2019-05-25 09:07:45.186494: rclone copy -v ./jovyan isaac:JupiterNotebookBackup
2019-05-25 09:07:45.196661: Upload stdout: 
2019/05/25 09:07:45 rclone: Version "v1.35-DEV" starting with parameters ["rclone" "copy" "-v" "./jovyan" "isaac:JupiterNotebookBackup"]

Upload stderr: 
2019/05/25 09:07:45 Config file "/root/.rclone.conf" not found - using defaults
2019/05/25 09:07:45 Failed to create file system for "isaac:JupiterNotebookBackup": didn't find section in config file


2019-05-25 09:07:45.196941: 
2019-05-25 09:07:45.197042: 
2019-05-25 09:07:45.197132: 
2019-05-25 09:08:47.206668: # STARTING JWR Google Drive Backup at 2019-05-25 09:08:47.206638 #
2019-05-25 09:08:47.207032: rclone copy -v ./jovyan isaac:JupiterNotebookBackup
2019-05-25 09:09:11.012382: Upload stdout: 
2019/05/25 09:08:47 rclone: Version "v1.35-DEV" starting with parameters ["rclone" "copy" "-v" "./jovyan" "isaac:JupiterNotebookBackup"]
2019/05/25 09:08:47 Google drive root 'JupiterNotebookBackup': Modify window is 1ms
2019/05/25 09:08:47 Google drive root 'JupiterNotebookBackup': Reading ""
2019/05/25 09:08:48 Google drive root 'JupiterNotebookBackup': Finished reading ""
2019/05/25 09:08:48 Google drive root 'JupiterNotebookBackup': Reading ".jupyter/"
2019/05/25 09:08:48 Google drive root 'JupiterNotebookBackup': Reading "work/"
2019/05/25 09:08:48 Google drive root 'JupiterNotebookBackup': Reading "systemd/"
2019/05/25 09:08:48 Google drive root 'JupiterNotebookBackup': Reading ".local/"
2019/05/25 09:08:48 Google drive root 'JupiterNotebookBackup': Finished reading ".jupyter/"
2019/05/25 09:08:48 Google drive root 'JupiterNotebookBackup': Finished reading "systemd/"
2019/05/25 09:08:48 Google drive root 'JupiterNotebookBackup': Finished reading ".local/"
2019/05/25 09:08:48 Google drive root 'JupiterNotebookBackup': Reading ".local/share/"
2019/05/25 09:08:48 Google drive root 'JupiterNotebookBackup': Finished reading "work/"
2019/05/25 09:08:48 Google drive root 'JupiterNotebookBackup': Finished reading ".local/share/"
2019/05/25 09:08:48 Google drive root 'JupiterNotebookBackup': Reading ".local/share/jupyter/"
2019/05/25 09:08:48 Google drive root 'JupiterNotebookBackup': Finished reading ".local/share/jupyter/"
2019/05/25 09:08:48 Google drive root 'JupiterNotebookBackup': Reading ".local/share/jupyter/runtime/"
2019/05/25 09:08:48 Google drive root 'JupiterNotebookBackup': Finished reading ".local/share/jupyter/runtime/"
2019/05/25 09:08:48 .bash_history: Sizes differ
2019/05/25 09:08:48 .bash_logout: Size and modification time the same (differ by 0s, within tolerance 1ms)
2019/05/25 09:08:48 .bash_logout: Unchanged skipping
2019/05/25 09:08:48 .profile: Size and modification time the same (differ by 0s, within tolerance 1ms)
2019/05/25 09:08:48 .profile: Unchanged skipping
2019/05/25 09:08:48 .bashrc: Size and modification time the same (differ by 0s, within tolerance 1ms)
2019/05/25 09:08:48 .bashrc: Unchanged skipping
2019/05/25 09:08:48 .jupyter/jupyter_notebook_config.py: Modification times differ by 276h13m31.82s: 2019-05-12 08:15:55 -0700 PDT, 2019-05-24 03:29:26.82 +0000 UTC
2019/05/25 09:08:48 .jupyter/jupyter_notebook_config.json: Sizes differ
2019/05/25 09:08:48 work/Untitled.ipynb: Size and modification time the same (differ by 0s, within tolerance 1ms)
2019/05/25 09:08:48 work/Untitled.ipynb: Unchanged skipping
2019/05/25 09:08:48 systemd/Units: Size and modification time the same (differ by 0s, within tolerance 1ms)
2019/05/25 09:08:48 systemd/Units: Unchanged skipping
2019/05/25 09:08:49 .jupyter/jupyter_notebook_config.py: Updated modification time in destination
2019/05/25 09:08:49 .jupyter/jupyter_notebook_config.py: Unchanged skipping
2019/05/25 09:08:50 .bash_history: Copied (replaced existing)
2019/05/25 09:08:53 .ipython/profile_default/history.sqlite: Copied (new)
2019/05/25 09:08:55 .conda/environments.txt: Copied (new)
2019/05/25 09:08:58 .cache/matplotlib/fontlist-v300.json: Copied (new)
2019/05/25 09:08:59 .jupyter/migrated: Copied (new)
2019/05/25 09:09:00 .jupyter/nbconfig/edit.json: Copied (new)
2019/05/25 09:09:00 .local/share/jupyter/runtime/notebook_cookie_secret: Modification times differ by -24h1m17.304s: 2019-05-24 20:23:40 -0700 PDT, 2019-05-24 03:22:22.696 +0000 UTC
2019/05/25 09:09:00 .local/share/jupyter/runtime/notebook_cookie_secret: MD5 differ
2019/05/25 09:09:02 .jupyter/jupyter_notebook_config.json: Copied (replaced existing)
2019/05/25 09:09:03 .config/configstore/update-notifier-npm.json: Copied (new)
2019/05/25 09:09:04 .ipython/profile_default/startup/README: Copied (new)
2019/05/25 09:09:06 work/.ipynb_checkpoints/Untitled-checkpoint.ipynb: Copied (new)
2019/05/25 09:09:08 .local/share/jupyter/nbsignatures.db: Copied (new)
2019/05/25 09:09:09 .local/share/jupyter/runtime/kernel-61322b21-89a4-49d8-a202-e9e5bac3474d.json: Copied (new)
2019/05/25 09:09:09 .local/share/jupyter/runtime/nbserver-6.json: Copied (new)
2019/05/25 09:09:09 .local/share/jupyter/notebook_secret: Copied (new)
2019/05/25 09:09:10 .local/share/jupyter/runtime/nbserver-6-open.html: Copied (new)
2019/05/25 09:09:11 .local/share/jupyter/runtime/notebook_cookie_secret: Copied (replaced existing)
2019/05/25 09:09:11 Go routines at exit 12

Upload stderr: 
2019/05/25 09:09:02 Google drive root 'JupiterNotebookBackup': Waiting for checks to finish
2019/05/25 09:09:03 Google drive root 'JupiterNotebookBackup': Waiting for transfers to finish
2019/05/25 09:09:11 
Transferred:   86.924 kBytes (3.652 kBytes/s)
Errors:                 0
Checks:                 9
Transferred:           16
Elapsed time:       23.7s


2019-05-25 09:09:11.012698: 
2019-05-25 09:09:11.012788: 
2019-05-25 09:09:11.012873: 
2019-05-25 09:32:50.730895: # STARTING JWR Google Drive Backup at 2019-05-25 09:32:50.730865 #
2019-05-25 09:32:50.731270: rclone copy -v ./jovyan isaac:JupiterNotebookBackup
2019-05-25 09:32:59.598065: Upload stdout: 
2019/05/25 09:32:50 rclone: Version "v1.35-DEV" starting with parameters ["rclone" "copy" "-v" "./jovyan" "isaac:JupiterNotebookBackup"]
2019/05/25 09:32:51 Google drive root 'JupiterNotebookBackup': Modify window is 1ms
2019/05/25 09:32:51 Google drive root 'JupiterNotebookBackup': Reading ""
2019/05/25 09:32:51 Google drive root 'JupiterNotebookBackup': Finished reading ""
2019/05/25 09:32:51 Google drive root 'JupiterNotebookBackup': Reading ".jupyter/"
2019/05/25 09:32:51 Google drive root 'JupiterNotebookBackup': Reading ".conda/"
2019/05/25 09:32:51 Google drive root 'JupiterNotebookBackup': Reading "systemd/"
2019/05/25 09:32:51 Google drive root 'JupiterNotebookBackup': Reading ".config/"
2019/05/25 09:32:51 Google drive root 'JupiterNotebookBackup': Reading ".local/"
2019/05/25 09:32:51 Google drive root 'JupiterNotebookBackup': Reading "work/"
2019/05/25 09:32:51 Google drive root 'JupiterNotebookBackup': Reading ".ipython/"
2019/05/25 09:32:51 Google drive root 'JupiterNotebookBackup': Reading ".cache/"
2019/05/25 09:32:51 Google drive root 'JupiterNotebookBackup': Finished reading ".jupyter/"
2019/05/25 09:32:51 Google drive root 'JupiterNotebookBackup': Reading ".jupyter/nbconfig/"
2019/05/25 09:32:51 Google drive root 'JupiterNotebookBackup': Finished reading ".conda/"
2019/05/25 09:32:51 Google drive root 'JupiterNotebookBackup': Finished reading ".local/"
2019/05/25 09:32:51 Google drive root 'JupiterNotebookBackup': Reading ".local/share/"
2019/05/25 09:32:51 Google drive root 'JupiterNotebookBackup': Finished reading "systemd/"
2019/05/25 09:32:51 Google drive root 'JupiterNotebookBackup': Finished reading "work/"
2019/05/25 09:32:51 Google drive root 'JupiterNotebookBackup': Reading "work/.ipynb_checkpoints/"
2019/05/25 09:32:51 Google drive root 'JupiterNotebookBackup': Finished reading ".ipython/"
2019/05/25 09:32:51 Google drive root 'JupiterNotebookBackup': Reading ".ipython/profile_default/"
2019/05/25 09:32:51 Google drive root 'JupiterNotebookBackup': Finished reading ".config/"
2019/05/25 09:32:51 Google drive root 'JupiterNotebookBackup': Reading ".config/configstore/"
2019/05/25 09:32:51 Google drive root 'JupiterNotebookBackup': Finished reading ".cache/"
2019/05/25 09:32:51 Google drive root 'JupiterNotebookBackup': Reading ".cache/matplotlib/"
2019/05/25 09:32:51 pacer: Rate limited, sleeping for 1.472644968s (1 consecutive low level retries)
2019/05/25 09:32:51 pacer: low level retry 1/10 (error googleapi: Error 403: User Rate Limit Exceeded. Rate of requests for user exceed configured project quota. You may consider re-evaluating expected per-user traffic to the API and adjust project quota limits accordingly. You may monitor aggregate quota usage and adjust limits in the API Console: https://console.developers.google.com/apis/api/drive.googleapis.com/quotas?project=202264815644, userRateLimitExceeded)
2019/05/25 09:32:52 pacer: Rate limited, sleeping for 2.910584091s (2 consecutive low level retries)
2019/05/25 09:32:52 pacer: low level retry 1/10 (error googleapi: Error 403: User Rate Limit Exceeded. Rate of requests for user exceed configured project quota. You may consider re-evaluating expected per-user traffic to the API and adjust project quota limits accordingly. You may monitor aggregate quota usage and adjust limits in the API Console: https://console.developers.google.com/apis/api/drive.googleapis.com/quotas?project=202264815644, userRateLimitExceeded)
2019/05/25 09:32:52 pacer: Resetting sleep to minimum 10ms on success
2019/05/25 09:32:52 Google drive root 'JupiterNotebookBackup': Finished reading ".jupyter/nbconfig/"
2019/05/25 09:32:52 Google drive root 'JupiterNotebookBackup': Finished reading ".local/share/"
2019/05/25 09:32:52 Google drive root 'JupiterNotebookBackup': Reading ".local/share/jupyter/"
2019/05/25 09:32:52 Google drive root 'JupiterNotebookBackup': Finished reading ".cache/matplotlib/"
2019/05/25 09:32:52 Google drive root 'JupiterNotebookBackup': Finished reading ".config/configstore/"
2019/05/25 09:32:52 Google drive root 'JupiterNotebookBackup': Finished reading "work/.ipynb_checkpoints/"
2019/05/25 09:32:53 Google drive root 'JupiterNotebookBackup': Finished reading ".ipython/profile_default/"
2019/05/25 09:32:53 Google drive root 'JupiterNotebookBackup': Reading ".ipython/profile_default/startup/"
2019/05/25 09:32:53 Google drive root 'JupiterNotebookBackup': Finished reading ".local/share/jupyter/"
2019/05/25 09:32:53 Google drive root 'JupiterNotebookBackup': Reading ".local/share/jupyter/runtime/"
2019/05/25 09:32:53 Google drive root 'JupiterNotebookBackup': Finished reading ".ipython/profile_default/startup/"
2019/05/25 09:32:53 Google drive root 'JupiterNotebookBackup': Finished reading ".local/share/jupyter/runtime/"
2019/05/25 09:32:53 .bash_history: Sizes differ
2019/05/25 09:32:53 .profile: Size and modification time the same (differ by 0s, within tolerance 1ms)
2019/05/25 09:32:53 .bash_logout: Size and modification time the same (differ by 0s, within tolerance 1ms)
2019/05/25 09:32:53 .bash_logout: Unchanged skipping
2019/05/25 09:32:53 .conda/environments.txt: Size and modification time the same (differ by 0s, within tolerance 1ms)
2019/05/25 09:32:53 .bashrc: Size and modification time the same (differ by 0s, within tolerance 1ms)
2019/05/25 09:32:53 .conda/environments.txt: Unchanged skipping
2019/05/25 09:32:53 .profile: Unchanged skipping
2019/05/25 09:32:53 .bashrc: Unchanged skipping
2019/05/25 09:32:53 Google drive root 'JupiterNotebookBackup': Reading ""
2019/05/25 09:32:54 Google drive root 'JupiterNotebookBackup': Finished reading ""
2019/05/25 09:32:54 Google drive root 'JupiterNotebookBackup': Reading ".jupyter/"
2019/05/25 09:32:54 Google drive root 'JupiterNotebookBackup': Reading ".conda/"
2019/05/25 09:32:54 Google drive root 'JupiterNotebookBackup': Reading ".cache/"
2019/05/25 09:32:54 Google drive root 'JupiterNotebookBackup': Reading ".config/"
2019/05/25 09:32:54 Google drive root 'JupiterNotebookBackup': Reading "systemd/"
2019/05/25 09:32:54 Google drive root 'JupiterNotebookBackup': Reading ".local/"
2019/05/25 09:32:54 Google drive root 'JupiterNotebookBackup': Reading "work/"
2019/05/25 09:32:54 Google drive root 'JupiterNotebookBackup': Reading ".ipython/"
2019/05/25 09:32:54 Google drive root 'JupiterNotebookBackup': Finished reading ".jupyter/"
2019/05/25 09:32:54 Google drive root 'JupiterNotebookBackup': Reading ".jupyter/nbconfig/"
2019/05/25 09:32:54 Google drive root 'JupiterNotebookBackup': Finished reading "systemd/"
2019/05/25 09:32:54 Google drive root 'JupiterNotebookBackup': Finished reading ".conda/"
2019/05/25 09:32:54 Google drive root 'JupiterNotebookBackup': Finished reading "work/"
2019/05/25 09:32:54 Google drive root 'JupiterNotebookBackup': Reading "work/.ipynb_checkpoints/"
2019/05/25 09:32:54 Google drive root 'JupiterNotebookBackup': Finished reading ".cache/"
2019/05/25 09:32:54 Google drive root 'JupiterNotebookBackup': Reading ".cache/matplotlib/"
2019/05/25 09:32:54 Google drive root 'JupiterNotebookBackup': Finished reading ".local/"
2019/05/25 09:32:54 Google drive root 'JupiterNotebookBackup': Reading ".local/share/"
2019/05/25 09:32:54 Google drive root 'JupiterNotebookBackup': Finished reading ".ipython/"
2019/05/25 09:32:54 Google drive root 'JupiterNotebookBackup': Reading ".ipython/profile_default/"
2019/05/25 09:32:54 pacer: Rate limited, sleeping for 1.53911079s (1 consecutive low level retries)
2019/05/25 09:32:54 pacer: low level retry 1/10 (error googleapi: Error 403: User Rate Limit Exceeded. Rate of requests for user exceed configured project quota. You may consider re-evaluating expected per-user traffic to the API and adjust project quota limits accordingly. You may monitor aggregate quota usage and adjust limits in the API Console: https://console.developers.google.com/apis/api/drive.googleapis.com/quotas?project=202264815644, userRateLimitExceeded)
2019/05/25 09:32:54 pacer: Resetting sleep to minimum 10ms on success
2019/05/25 09:32:54 Google drive root 'JupiterNotebookBackup': Finished reading ".config/"
2019/05/25 09:32:54 Google drive root 'JupiterNotebookBackup': Reading ".config/configstore/"
2019/05/25 09:32:54 pacer: Rate limited, sleeping for 1.853353331s (1 consecutive low level retries)
2019/05/25 09:32:54 pacer: low level retry 2/10 (error googleapi: Error 403: User Rate Limit Exceeded. Rate of requests for user exceed configured project quota. You may consider re-evaluating expected per-user traffic to the API and adjust project quota limits accordingly. You may monitor aggregate quota usage and adjust limits in the API Console: https://console.developers.google.com/apis/api/drive.googleapis.com/quotas?project=202264815644, userRateLimitExceeded)
2019/05/25 09:32:54 pacer: Resetting sleep to minimum 10ms on success
2019/05/25 09:32:54 Google drive root 'JupiterNotebookBackup': Finished reading ".jupyter/nbconfig/"
2019/05/25 09:32:54 Google drive root 'JupiterNotebookBackup': Finished reading "work/.ipynb_checkpoints/"
2019/05/25 09:32:54 Google drive root 'JupiterNotebookBackup': Finished reading ".cache/matplotlib/"
2019/05/25 09:32:54 Google drive root 'JupiterNotebookBackup': Finished reading ".local/share/"
2019/05/25 09:32:54 Google drive root 'JupiterNotebookBackup': Reading ".local/share/jupyter/"
2019/05/25 09:32:56 Google drive root 'JupiterNotebookBackup': Finished reading ".ipython/profile_default/"
2019/05/25 09:32:56 Google drive root 'JupiterNotebookBackup': Reading ".ipython/profile_default/startup/"
2019/05/25 09:32:56 Google drive root 'JupiterNotebookBackup': Finished reading ".config/configstore/"
2019/05/25 09:32:56 Google drive root 'JupiterNotebookBackup': Finished reading ".local/share/jupyter/"
2019/05/25 09:32:56 Google drive root 'JupiterNotebookBackup': Reading ".local/share/jupyter/runtime/"
2019/05/25 09:32:56 Google drive root 'JupiterNotebookBackup': Finished reading ".ipython/profile_default/startup/"
2019/05/25 09:32:56 Google drive root 'JupiterNotebookBackup': Finished reading ".local/share/jupyter/runtime/"
2019/05/25 09:32:56 .bash_history: Sizes differ
2019/05/25 09:32:56 .profile: Size and modification time the same (differ by 0s, within tolerance 1ms)
2019/05/25 09:32:56 .profile: Unchanged skipping
2019/05/25 09:32:56 .bashrc: Size and modification time the same (differ by 0s, within tolerance 1ms)
2019/05/25 09:32:56 .bashrc: Unchanged skipping
2019/05/25 09:32:56 .bash_logout: Size and modification time the same (differ by 0s, within tolerance 1ms)
2019/05/25 09:32:56 .bash_logout: Unchanged skipping
2019/05/25 09:32:56 Google drive root 'JupiterNotebookBackup': Reading ""
2019/05/25 09:32:57 Google drive root 'JupiterNotebookBackup': Finished reading ""
2019/05/25 09:32:57 Google drive root 'JupiterNotebookBackup': Reading ".jupyter/"
2019/05/25 09:32:57 Google drive root 'JupiterNotebookBackup': Reading ".conda/"
2019/05/25 09:32:57 Google drive root 'JupiterNotebookBackup': Reading ".local/"
2019/05/25 09:32:57 Google drive root 'JupiterNotebookBackup': Reading "systemd/"
2019/05/25 09:32:57 Google drive root 'JupiterNotebookBackup': Reading ".config/"
2019/05/25 09:32:57 Google drive root 'JupiterNotebookBackup': Reading "work/"
2019/05/25 09:32:57 Google drive root 'JupiterNotebookBackup': Reading ".cache/"
2019/05/25 09:32:57 Google drive root 'JupiterNotebookBackup': Reading ".ipython/"
2019/05/25 09:32:57 Google drive root 'JupiterNotebookBackup': Finished reading ".local/"
2019/05/25 09:32:57 Google drive root 'JupiterNotebookBackup': Reading ".local/share/"
2019/05/25 09:32:57 Google drive root 'JupiterNotebookBackup': Finished reading ".jupyter/"
2019/05/25 09:32:57 Google drive root 'JupiterNotebookBackup': Reading ".jupyter/nbconfig/"
2019/05/25 09:32:57 Google drive root 'JupiterNotebookBackup': Finished reading ".conda/"
2019/05/25 09:32:57 Google drive root 'JupiterNotebookBackup': Finished reading ".cache/"
2019/05/25 09:32:57 Google drive root 'JupiterNotebookBackup': Reading ".cache/matplotlib/"
2019/05/25 09:32:57 Google drive root 'JupiterNotebookBackup': Finished reading "work/"
2019/05/25 09:32:57 Google drive root 'JupiterNotebookBackup': Reading "work/.ipynb_checkpoints/"
2019/05/25 09:32:57 Google drive root 'JupiterNotebookBackup': Finished reading ".ipython/"
2019/05/25 09:32:57 Google drive root 'JupiterNotebookBackup': Reading ".ipython/profile_default/"
2019/05/25 09:32:57 Google drive root 'JupiterNotebookBackup': Finished reading ".config/"
2019/05/25 09:32:57 Google drive root 'JupiterNotebookBackup': Reading ".config/configstore/"
2019/05/25 09:32:57 Google drive root 'JupiterNotebookBackup': Finished reading "systemd/"
2019/05/25 09:32:57 Google drive root 'JupiterNotebookBackup': Finished reading ".jupyter/nbconfig/"
2019/05/25 09:32:57 Google drive root 'JupiterNotebookBackup': Finished reading ".cache/matplotlib/"
2019/05/25 09:32:57 Google drive root 'JupiterNotebookBackup': Finished reading ".local/share/"
2019/05/25 09:32:57 Google drive root 'JupiterNotebookBackup': Reading ".local/share/jupyter/"
2019/05/25 09:32:57 pacer: Rate limited, sleeping for 1.324778273s (1 consecutive low level retries)
2019/05/25 09:32:57 pacer: low level retry 1/10 (error googleapi: Error 403: User Rate Limit Exceeded. Rate of requests for user exceed configured project quota. You may consider re-evaluating expected per-user traffic to the API and adjust project quota limits accordingly. You may monitor aggregate quota usage and adjust limits in the API Console: https://console.developers.google.com/apis/api/drive.googleapis.com/quotas?project=202264815644, userRateLimitExceeded)
2019/05/25 09:32:57 pacer: Rate limited, sleeping for 2.138149956s (2 consecutive low level retries)
2019/05/25 09:32:57 pacer: low level retry 2/10 (error googleapi: Error 403: User Rate Limit Exceeded. Rate of requests for user exceed configured project quota. You may consider re-evaluating expected per-user traffic to the API and adjust project quota limits accordingly. You may monitor aggregate quota usage and adjust limits in the API Console: https://console.developers.google.com/apis/api/drive.googleapis.com/quotas?project=202264815644, userRateLimitExceeded)
2019/05/25 09:32:57 pacer: Resetting sleep to minimum 10ms on success
2019/05/25 09:32:57 Google drive root 'JupiterNotebookBackup': Finished reading ".ipython/profile_default/"
2019/05/25 09:32:57 Google drive root 'JupiterNotebookBackup': Reading ".ipython/profile_default/startup/"
2019/05/25 09:32:57 Google drive root 'JupiterNotebookBackup': Finished reading "work/.ipynb_checkpoints/"
2019/05/25 09:32:57 Google drive root 'JupiterNotebookBackup': Finished reading ".config/configstore/"
2019/05/25 09:32:59 Google drive root 'JupiterNotebookBackup': Finished reading ".ipython/profile_default/startup/"
2019/05/25 09:32:59 Google drive root 'JupiterNotebookBackup': Finished reading ".local/share/jupyter/"
2019/05/25 09:32:59 Google drive root 'JupiterNotebookBackup': Reading ".local/share/jupyter/runtime/"
2019/05/25 09:32:59 Google drive root 'JupiterNotebookBackup': Finished reading ".local/share/jupyter/runtime/"
2019/05/25 09:32:59 .bash_history: Sizes differ
2019/05/25 09:32:59 .bash_logout: Size and modification time the same (differ by 0s, within tolerance 1ms)
2019/05/25 09:32:59 .bash_logout: Unchanged skipping
2019/05/25 09:32:59 .profile: Size and modification time the same (differ by 0s, within tolerance 1ms)
2019/05/25 09:32:59 .profile: Unchanged skipping
2019/05/25 09:32:59 .bashrc: Size and modification time the same (differ by 0s, within tolerance 1ms)
2019/05/25 09:32:59 .bashrc: Unchanged skipping
2019/05/25 09:32:59 .conda/environments.txt: Size and modification time the same (differ by 0s, within tolerance 1ms)
2019/05/25 09:32:59 .conda/environments.txt: Unchanged skipping

Upload stderr: 
2019/05/25 09:32:53 Google drive root 'JupiterNotebookBackup': Waiting for checks to finish
2019/05/25 09:32:53 .bash_history: Failed to copy: failed to open source object: open /home/fargus/jwr/jovyan/.bash_history: permission denied
2019/05/25 09:32:53 Google drive root 'JupiterNotebookBackup': Waiting for transfers to finish
2019/05/25 09:32:53 Attempt 1/3 failed with 1 errors and: error listing source: Local file system at /home/fargus/jwr/jovyan: failed to open directory "/home/fargus/jwr/jovyan/.jupyter": open /home/fargus/jwr/jovyan/.jupyter: permission denied
2019/05/25 09:32:56 Google drive root 'JupiterNotebookBackup': Waiting for checks to finish
2019/05/25 09:32:56 Google drive root 'JupiterNotebookBackup': Waiting for transfers to finish
2019/05/25 09:32:56 .bash_history: Failed to copy: failed to open source object: open /home/fargus/jwr/jovyan/.bash_history: permission denied
2019/05/25 09:32:56 Attempt 2/3 failed with 1 errors and: error listing source: Local file system at /home/fargus/jwr/jovyan: failed to open directory "/home/fargus/jwr/jovyan/.jupyter": open /home/fargus/jwr/jovyan/.jupyter: permission denied
2019/05/25 09:32:59 Google drive root 'JupiterNotebookBackup': Waiting for checks to finish
2019/05/25 09:32:59 Google drive root 'JupiterNotebookBackup': Waiting for transfers to finish
2019/05/25 09:32:59 .bash_history: Failed to copy: failed to open source object: open /home/fargus/jwr/jovyan/.bash_history: permission denied
2019/05/25 09:32:59 Attempt 3/3 failed with 1 errors and: error listing source: Local file system at /home/fargus/jwr/jovyan: failed to open directory "/home/fargus/jwr/jovyan/.config": open /home/fargus/jwr/jovyan/.config: permission denied
2019/05/25 09:32:59 Failed to copy: error listing source: Local file system at /home/fargus/jwr/jovyan: failed to open directory "/home/fargus/jwr/jovyan/.config": open /home/fargus/jwr/jovyan/.config: permission denied


2019-05-25 09:32:59.598555: 
2019-05-25 09:32:59.598644: 
2019-05-25 09:32:59.598727: 
2019-05-25 09:37:27.943015: # STARTING JWR Google Drive Backup at 2019-05-25 09:37:27.942986 #
2019-05-25 09:37:27.943367: rclone copy -v ./jovyan isaac:JupiterNotebookBackup
2019-05-25 09:37:48.352454: Upload stdout: 
2019/05/25 09:37:27 rclone: Version "v1.35-DEV" starting with parameters ["rclone" "copy" "-v" "./jovyan" "isaac:JupiterNotebookBackup"]
2019/05/25 09:37:38 Google drive root 'JupiterNotebookBackup': Modify window is 1ms
2019/05/25 09:37:38 Google drive root 'JupiterNotebookBackup': Reading ""
2019/05/25 09:37:38 Google drive root 'JupiterNotebookBackup': Finished reading ""
2019/05/25 09:37:38 Google drive root 'JupiterNotebookBackup': Reading ".jupyter/"
2019/05/25 09:37:38 Google drive root 'JupiterNotebookBackup': Reading ".conda/"
2019/05/25 09:37:38 Google drive root 'JupiterNotebookBackup': Reading ".config/"
2019/05/25 09:37:38 Google drive root 'JupiterNotebookBackup': Reading ".local/"
2019/05/25 09:37:38 Google drive root 'JupiterNotebookBackup': Reading ".ipython/"
2019/05/25 09:37:38 Google drive root 'JupiterNotebookBackup': Reading "work/"
2019/05/25 09:37:38 Google drive root 'JupiterNotebookBackup': Reading ".cache/"
2019/05/25 09:37:38 Google drive root 'JupiterNotebookBackup': Reading "systemd/"
2019/05/25 09:37:39 Google drive root 'JupiterNotebookBackup': Finished reading ".jupyter/"
2019/05/25 09:37:39 Google drive root 'JupiterNotebookBackup': Reading ".jupyter/nbconfig/"
2019/05/25 09:37:39 Google drive root 'JupiterNotebookBackup': Finished reading ".conda/"
2019/05/25 09:37:39 Google drive root 'JupiterNotebookBackup': Finished reading ".config/"
2019/05/25 09:37:39 Google drive root 'JupiterNotebookBackup': Reading ".config/configstore/"
2019/05/25 09:37:39 Google drive root 'JupiterNotebookBackup': Finished reading ".local/"
2019/05/25 09:37:39 Google drive root 'JupiterNotebookBackup': Reading ".local/share/"
2019/05/25 09:37:40 Google drive root 'JupiterNotebookBackup': Finished reading ".ipython/"
2019/05/25 09:37:40 Google drive root 'JupiterNotebookBackup': Reading ".ipython/profile_default/"
2019/05/25 09:37:40 Google drive root 'JupiterNotebookBackup': Finished reading "work/"
2019/05/25 09:37:40 Google drive root 'JupiterNotebookBackup': Reading "work/.ipynb_checkpoints/"
2019/05/25 09:37:40 Google drive root 'JupiterNotebookBackup': Finished reading ".cache/"
2019/05/25 09:37:40 Google drive root 'JupiterNotebookBackup': Reading ".cache/matplotlib/"
2019/05/25 09:37:40 Google drive root 'JupiterNotebookBackup': Finished reading "systemd/"
2019/05/25 09:37:40 Google drive root 'JupiterNotebookBackup': Finished reading ".jupyter/nbconfig/"
2019/05/25 09:37:41 Google drive root 'JupiterNotebookBackup': Finished reading ".config/configstore/"
2019/05/25 09:37:41 Google drive root 'JupiterNotebookBackup': Finished reading ".local/share/"
2019/05/25 09:37:41 Google drive root 'JupiterNotebookBackup': Reading ".local/share/jupyter/"
2019/05/25 09:37:41 Google drive root 'JupiterNotebookBackup': Finished reading ".ipython/profile_default/"
2019/05/25 09:37:41 Google drive root 'JupiterNotebookBackup': Reading ".ipython/profile_default/startup/"
2019/05/25 09:37:41 Google drive root 'JupiterNotebookBackup': Finished reading "work/.ipynb_checkpoints/"
2019/05/25 09:37:42 Google drive root 'JupiterNotebookBackup': Finished reading ".cache/matplotlib/"
2019/05/25 09:37:42 Google drive root 'JupiterNotebookBackup': Finished reading ".local/share/jupyter/"
2019/05/25 09:37:42 Google drive root 'JupiterNotebookBackup': Reading ".local/share/jupyter/runtime/"
2019/05/25 09:37:42 Google drive root 'JupiterNotebookBackup': Finished reading ".ipython/profile_default/startup/"
2019/05/25 09:37:42 Google drive root 'JupiterNotebookBackup': Finished reading ".local/share/jupyter/runtime/"
2019/05/25 09:37:42 .bash_history: Sizes differ
2019/05/25 09:37:42 .bash_logout: Size and modification time the same (differ by 0s, within tolerance 1ms)
2019/05/25 09:37:42 .bash_logout: Unchanged skipping
2019/05/25 09:37:42 .bashrc: Size and modification time the same (differ by 0s, within tolerance 1ms)
2019/05/25 09:37:42 .bashrc: Unchanged skipping
2019/05/25 09:37:42 .profile: Size and modification time the same (differ by 0s, within tolerance 1ms)
2019/05/25 09:37:42 work/Untitled.ipynb: Size and modification time the same (differ by 0s, within tolerance 1ms)
2019/05/25 09:37:42 work/Untitled.ipynb: Unchanged skipping
2019/05/25 09:37:42 .profile: Unchanged skipping
2019/05/25 09:37:42 systemd/Units: Sizes differ
2019/05/25 09:37:42 .jupyter/jupyter_notebook_config.json: Size and modification time the same (differ by 0s, within tolerance 1ms)
2019/05/25 09:37:42 .jupyter/jupyter_notebook_config.json: Unchanged skipping
2019/05/25 09:37:42 .jupyter/migrated: Size and modification time the same (differ by 0s, within tolerance 1ms)
2019/05/25 09:37:42 .jupyter/migrated: Unchanged skipping
2019/05/25 09:37:42 .jupyter/jupyter_notebook_config.py: Size and modification time the same (differ by 0s, within tolerance 1ms)
2019/05/25 09:37:42 .jupyter/jupyter_notebook_config.py: Unchanged skipping
2019/05/25 09:37:42 .local/share/jupyter/notebook_secret: Size and modification time the same (differ by 0s, within tolerance 1ms)
2019/05/25 09:37:42 .local/share/jupyter/notebook_secret: Unchanged skipping
2019/05/25 09:37:42 .jupyter/nbconfig/edit.json: Size and modification time the same (differ by 0s, within tolerance 1ms)
2019/05/25 09:37:42 .jupyter/nbconfig/edit.json: Unchanged skipping
2019/05/25 09:37:42 .ipython/profile_default/history.sqlite: Modification times differ by -12h49m15s: 2019-05-25 09:35:40 -0700 PDT, 2019-05-25 03:46:25 +0000 UTC
2019/05/25 09:37:42 .local/share/jupyter/runtime/kernel-61322b21-89a4-49d8-a202-e9e5bac3474d.json: Size and modification time the same (differ by 0s, within tolerance 1ms)
2019/05/25 09:37:42 .local/share/jupyter/runtime/kernel-61322b21-89a4-49d8-a202-e9e5bac3474d.json: Unchanged skipping
2019/05/25 09:37:42 .ipython/profile_default/startup/README: Size and modification time the same (differ by 0s, within tolerance 1ms)
2019/05/25 09:37:42 .conda/environments.txt: Size and modification time the same (differ by 0s, within tolerance 1ms)
2019/05/25 09:37:42 .conda/environments.txt: Unchanged skipping
2019/05/25 09:37:42 .local/share/jupyter/runtime/nbserver-6-open.html: Size and modification time the same (differ by 0s, within tolerance 1ms)
2019/05/25 09:37:42 .local/share/jupyter/runtime/nbserver-6-open.html: Unchanged skipping
2019/05/25 09:37:42 .cache/matplotlib/fontlist-v300.json: Size and modification time the same (differ by 0s, within tolerance 1ms)
2019/05/25 09:37:42 .cache/matplotlib/fontlist-v300.json: Unchanged skipping
2019/05/25 09:37:42 work/.ipynb_checkpoints/Untitled-checkpoint.ipynb: Size and modification time the same (differ by 0s, within tolerance 1ms)
2019/05/25 09:37:42 work/.ipynb_checkpoints/Untitled-checkpoint.ipynb: Unchanged skipping
2019/05/25 09:37:42 .local/share/jupyter/runtime/notebook_cookie_secret: Size and modification time the same (differ by 0s, within tolerance 1ms)
2019/05/25 09:37:42 .local/share/jupyter/runtime/notebook_cookie_secret: Unchanged skipping
2019/05/25 09:37:42 .ipython/profile_default/startup/README: Unchanged skipping
2019/05/25 09:37:42 .config/configstore/update-notifier-npm.json: Size and modification time the same (differ by 0s, within tolerance 1ms)
2019/05/25 09:37:42 .config/configstore/update-notifier-npm.json: Unchanged skipping
2019/05/25 09:37:42 .local/share/jupyter/runtime/nbserver-6.json: Size and modification time the same (differ by 0s, within tolerance 1ms)
2019/05/25 09:37:42 .local/share/jupyter/runtime/nbserver-6.json: Unchanged skipping
2019/05/25 09:37:42 .local/share/jupyter/nbsignatures.db: Modification times differ by -12h53m12s: 2019-05-25 09:37:18 -0700 PDT, 2019-05-25 03:44:06 +0000 UTC
2019/05/25 09:37:42 .ipython/profile_default/history.sqlite: MD5 differ
2019/05/25 09:37:42 .local/share/jupyter/nbsignatures.db: MD5 differ
2019/05/25 09:37:43 systemd/Units: Copied (replaced existing)
2019/05/25 09:37:44 .bash_history: Copied (replaced existing)
2019/05/25 09:37:46 systemd/.ipynb_checkpoints/Systemd-checkpoint.ipynb: Copied (new)
2019/05/25 09:37:46 systemd/Systemd.ipynb: Copied (new)
2019/05/25 09:37:47 .local/share/jupyter/runtime/kernel-cc9c44e8-d526-4229-b561-0df3a6f4eacf.json: Copied (new)
2019/05/25 09:37:48 .ipython/profile_default/history.sqlite: Copied (replaced existing)
2019/05/25 09:37:48 .local/share/jupyter/nbsignatures.db: Copied (replaced existing)
2019/05/25 09:37:48 .local/share/jupyter/runtime/kernel-7c49185f-4cad-44b9-a1e2-80f6bf0608bf.json: Copied (new)
2019/05/25 09:37:48 Go routines at exit 39

Upload stderr: 
2019/05/25 09:37:42 Google drive root 'JupiterNotebookBackup': Waiting for checks to finish
2019/05/25 09:37:42 Google drive root 'JupiterNotebookBackup': Waiting for transfers to finish
2019/05/25 09:37:48 
Transferred:   51.547 kBytes (2.526 kBytes/s)
Errors:                 0
Checks:                22
Transferred:            8
Elapsed time:       20.4s


2019-05-25 09:37:48.352834: 
2019-05-25 09:37:48.352924: 
2019-05-25 09:37:48.353009: 
